[mar 23/09/2025  8:03:10,91] Iniciando automatizaci√≥n en bucle infinito 
[mar 23/09/2025  8:03:10,92] Directorio base: C:\Users\Desarrollo\Documents\Bots Python\Bot_MemorialesFinal\ 
[mar 23/09/2025  8:03:10,95] Intervalo de ejecuci√≥n: 5 minutos 
[mar 23/09/2025  8:03:10,98] Activando entorno virtual... 
[mar 23/09/2025  8:03:11,25] Verificando entorno virtual activado... 
[mar 23/09/2025  8:03:11,43] Verificando dependencias... 
[mar 23/09/2025  8:03:17,48] WARNING: Algunas dependencias no se pudieron actualizar 
[mar 23/09/2025  8:03:17,49] Configuraci√≥n completada. Iniciando bucle de ejecuci√≥n... 
[mar 23/09/2025  8:03:17,51] Presiona Ctrl+C para detener el proceso 
[mar 23/09/2025  8:03:17,58] Iniciando ciclo 1 
[mar 23/09/2025  8:03:17,58] Ejecutando automatizaci√≥n... 
[mar 23/09/2025  8:10:22,51] Ciclo 1 completado exitosamente 
[mar 23/09/2025  8:10:22,52] WARNING: Ciclo 1 completado con errores (c√≥digo: 0) 
[mar 23/09/2025  8:10:22,57] Esperando 5 minutos antes del siguiente ciclo... 
[mar 23/09/2025  8:10:22,60] Volver√° a ejecutar en 5 minutos... 
[mar 23/09/2025  8:15:22,21] Tiempo de espera completado. Iniciando siguiente ciclo... 
[mar 23/09/2025  8:15:22,25] Iniciando ciclo 2 
[mar 23/09/2025  8:15:22,26] Ejecutando automatizaci√≥n... 
[mar 23/09/2025  8:16:15,87] Ciclo 2 completado exitosamente 
[mar 23/09/2025  8:16:15,87] WARNING: Ciclo 2 completado con errores (c√≥digo: 0) 
[mar 23/09/2025  8:16:15,91] Esperando 5 minutos antes del siguiente ciclo... 
[mar 23/09/2025  8:16:15,94] Volver√° a ejecutar en 5 minutos... 
[mar 23/09/2025  8:21:16,19] Tiempo de espera completado. Iniciando siguiente ciclo... 
[mar 23/09/2025  8:21:16,24] Iniciando ciclo 3 
[mar 23/09/2025  8:21:16,25] Ejecutando automatizaci√≥n... 
[mar 23/09/2025  8:21:54,16] Ciclo 3 completado exitosamente 
[mar 23/09/2025  8:21:54,16] WARNING: Ciclo 3 completado con errores (c√≥digo: 0) 
[mar 23/09/2025  8:21:54,20] Esperando 5 minutos antes del siguiente ciclo... 
[mar 23/09/2025  8:21:54,23] Volver√° a ejecutar en 5 minutos... 
[mar 23/09/2025  8:26:54,17] Tiempo de espera completado. Iniciando siguiente ciclo... 
[mar 23/09/2025  8:26:54,20] Iniciando ciclo 4 
[mar 23/09/2025  8:26:54,20] Ejecutando automatizaci√≥n... 
[mar 23/09/2025  8:27:33,85] Ciclo 4 completado exitosamente 
[mar 23/09/2025  8:27:33,86] WARNING: Ciclo 4 completado con errores (c√≥digo: 0) 
[mar 23/09/2025  8:27:33,89] Esperando 5 minutos antes del siguiente ciclo... 
[mar 23/09/2025  8:27:33,90] Volver√° a ejecutar en 5 minutos... 
[mar 23/09/2025  8:32:33,17] Tiempo de espera completado. Iniciando siguiente ciclo... 
[mar 23/09/2025  8:32:33,20] Iniciando ciclo 5 
[mar 23/09/2025  8:32:33,22] Ejecutando automatizaci√≥n... 
[mar 23/09/2025  8:33:14,61] Ciclo 5 completado exitosamente 
[mar 23/09/2025  8:33:14,61] WARNING: Ciclo 5 completado con errores (c√≥digo: 0) 
[mar 23/09/2025  8:33:14,63] Esperando 5 minutos antes del siguiente ciclo... 
[mar 23/09/2025  8:33:14,66] Volver√° a ejecutar en 5 minutos... 
[mar 23/09/2025  8:38:14,14] Tiempo de espera completado. Iniciando siguiente ciclo... 
[mar 23/09/2025  8:38:14,18] Iniciando ciclo 6 
[mar 23/09/2025  8:38:14,19] Ejecutando automatizaci√≥n... 
[mar 23/09/2025  8:39:05,90] Ciclo 6 completado exitosamente 
[mar 23/09/2025  8:39:05,90] WARNING: Ciclo 6 completado con errores (c√≥digo: 0) 
[mar 23/09/2025  8:39:05,92] Esperando 5 minutos antes del siguiente ciclo... 
[mar 23/09/2025  8:39:05,95] Volver√° a ejecutar en 5 minutos... 
[mar 23/09/2025  8:44:06,20] Tiempo de espera completado. Iniciando siguiente ciclo... 
[mar 23/09/2025  8:44:06,22] Iniciando ciclo 7 
[mar 23/09/2025  8:44:06,22] Ejecutando automatizaci√≥n... 
[mar 23/09/2025  8:47:01,89] Ciclo 7 completado exitosamente 
[mar 23/09/2025  8:47:01,90] WARNING: Ciclo 7 completado con errores (c√≥digo: 0) 
[mar 23/09/2025  8:47:01,92] Esperando 5 minutos antes del siguiente ciclo... 
[mar 23/09/2025  8:47:01,94] Volver√° a ejecutar en 5 minutos... 
[mar 23/09/2025  8:52:02,19] Tiempo de espera completado. Iniciando siguiente ciclo... 
[mar 23/09/2025  8:52:02,21] Iniciando ciclo 8 
[mar 23/09/2025  8:52:02,23] Ejecutando automatizaci√≥n... 
[mar 23/09/2025  8:52:52,32] Ciclo 8 completado exitosamente 
[mar 23/09/2025  8:52:52,32] WARNING: Ciclo 8 completado con errores (c√≥digo: 0) 
[mar 23/09/2025  8:52:52,35] Esperando 5 minutos antes del siguiente ciclo... 
[mar 23/09/2025  8:52:52,36] Volver√° a ejecutar en 5 minutos... 
[mar 23/09/2025  8:57:52,13] Tiempo de espera completado. Iniciando siguiente ciclo... 
[mar 23/09/2025  8:57:52,17] Iniciando ciclo 9 
[mar 23/09/2025  8:57:52,18] Ejecutando automatizaci√≥n... 
[mar 23/09/2025  8:58:37,85] Ciclo 9 completado exitosamente 
[mar 23/09/2025  8:58:37,86] WARNING: Ciclo 9 completado con errores (c√≥digo: 0) 
[mar 23/09/2025  8:58:37,90] Esperando 5 minutos antes del siguiente ciclo... 
[mar 23/09/2025  8:58:37,92] Volver√° a ejecutar en 5 minutos... 
[mar 23/09/2025  9:03:37,19] Tiempo de espera completado. Iniciando siguiente ciclo... 
[mar 23/09/2025  9:03:37,20] Iniciando ciclo 10 
[mar 23/09/2025  9:03:37,21] Ejecutando automatizaci√≥n... 
[mar 23/09/2025  9:04:18,21] Ciclo 10 completado exitosamente 
[mar 23/09/2025  9:04:18,21] WARNING: Ciclo 10 completado con errores (c√≥digo: 0) 
[mar 23/09/2025  9:04:18,25] Esperando 5 minutos antes del siguiente ciclo... 
[mar 23/09/2025  9:04:18,28] Volver√° a ejecutar en 5 minutos... 
[mar 23/09/2025  9:09:18,11] Tiempo de espera completado. Iniciando siguiente ciclo... 
[mar 23/09/2025  9:09:18,13] Iniciando ciclo 11 
[mar 23/09/2025  9:09:18,14] Ejecutando automatizaci√≥n... 
[mar 23/09/2025  9:10:01,80] Ciclo 11 completado exitosamente 
[mar 23/09/2025  9:10:01,81] WARNING: Ciclo 11 completado con errores (c√≥digo: 0) 
[mar 23/09/2025  9:10:01,84] Esperando 5 minutos antes del siguiente ciclo... 
[mar 23/09/2025  9:10:01,86] Volver√° a ejecutar en 5 minutos... 
[mar 23/09/2025  9:15:01,18] Tiempo de espera completado. Iniciando siguiente ciclo... 
[mar 23/09/2025  9:15:01,22] Iniciando ciclo 12 
[mar 23/09/2025  9:15:01,24] Ejecutando automatizaci√≥n... 
[mar 23/09/2025  9:15:43,27] Ciclo 12 completado exitosamente 
[mar 23/09/2025  9:15:43,27] WARNING: Ciclo 12 completado con errores (c√≥digo: 0) 
[mar 23/09/2025  9:15:43,31] Esperando 5 minutos antes del siguiente ciclo... 
[mar 23/09/2025  9:15:43,33] Volver√° a ejecutar en 5 minutos... 
[mar 23/09/2025  9:20:43,20] Tiempo de espera completado. Iniciando siguiente ciclo... 
[mar 23/09/2025  9:20:43,24] Iniciando ciclo 13 
[mar 23/09/2025  9:20:43,24] Ejecutando automatizaci√≥n... 
[mar 23/09/2025  9:21:27,20] Ciclo 13 completado exitosamente 
[mar 23/09/2025  9:21:27,20] WARNING: Ciclo 13 completado con errores (c√≥digo: 0) 
[mar 23/09/2025  9:21:27,23] Esperando 5 minutos antes del siguiente ciclo... 
[mar 23/09/2025  9:21:27,25] Volver√° a ejecutar en 5 minutos... 
[mar 23/09/2025  9:26:27,14] Tiempo de espera completado. Iniciando siguiente ciclo... 
[mar 23/09/2025  9:26:27,16] Iniciando ciclo 14 
[mar 23/09/2025  9:26:27,18] Ejecutando automatizaci√≥n... 
[mar 23/09/2025  9:27:09,45] Ciclo 14 completado exitosamente 
[mar 23/09/2025  9:27:09,45] WARNING: Ciclo 14 completado con errores (c√≥digo: 0) 
[mar 23/09/2025  9:27:09,50] Esperando 5 minutos antes del siguiente ciclo... 
[mar 23/09/2025  9:27:09,53] Volver√° a ejecutar en 5 minutos... 
[mar 23/09/2025  9:32:09,21] Tiempo de espera completado. Iniciando siguiente ciclo... 
[mar 23/09/2025  9:32:09,25] Iniciando ciclo 15 
[mar 23/09/2025  9:32:09,25] Ejecutando automatizaci√≥n... 
[mar 23/09/2025  9:33:16,65] Ciclo 15 completado exitosamente 
[mar 23/09/2025  9:33:16,66] WARNING: Ciclo 15 completado con errores (c√≥digo: 0) 
[mar 23/09/2025  9:33:16,69] Esperando 5 minutos antes del siguiente ciclo... 
[mar 23/09/2025  9:33:16,71] Volver√° a ejecutar en 5 minutos... 
[mar 23/09/2025  9:38:16,13] Tiempo de espera completado. Iniciando siguiente ciclo... 
[mar 23/09/2025  9:38:16,14] Iniciando ciclo 16 
[mar 23/09/2025  9:38:16,17] Ejecutando automatizaci√≥n... 
[mar 23/09/2025  9:39:15,96] Ciclo 16 completado exitosamente 
[mar 23/09/2025  9:39:15,96] WARNING: Ciclo 16 completado con errores (c√≥digo: 0) 
[mar 23/09/2025  9:39:15,99] Esperando 5 minutos antes del siguiente ciclo... 
[mar 23/09/2025  9:39:16,01] Volver√° a ejecutar en 5 minutos... 
[mar 23/09/2025  9:44:16,13] Tiempo de espera completado. Iniciando siguiente ciclo... 
[mar 23/09/2025  9:44:16,15] Iniciando ciclo 17 
[mar 23/09/2025  9:44:16,17] Ejecutando automatizaci√≥n... 
[mar 23/09/2025  9:49:20,22] Ciclo 17 completado exitosamente 
[mar 23/09/2025  9:49:20,22] WARNING: Ciclo 17 completado con errores (c√≥digo: 0) 
[mar 23/09/2025  9:49:20,26] Esperando 5 minutos antes del siguiente ciclo... 
[mar 23/09/2025  9:49:20,28] Volver√° a ejecutar en 5 minutos... 
[mar 23/09/2025  9:54:20,22] Tiempo de espera completado. Iniciando siguiente ciclo... 
[mar 23/09/2025  9:54:20,25] Iniciando ciclo 18 
[mar 23/09/2025  9:54:20,25] Ejecutando automatizaci√≥n... 
[mar 23/09/2025  9:55:04,62] Ciclo 18 completado exitosamente 
[mar 23/09/2025  9:55:04,62] WARNING: Ciclo 18 completado con errores (c√≥digo: 0) 
[mar 23/09/2025  9:55:04,65] Esperando 5 minutos antes del siguiente ciclo... 
[mar 23/09/2025  9:55:04,67] Volver√° a ejecutar en 5 minutos... 
[mar 23/09/2025 10:00:04,19] Tiempo de espera completado. Iniciando siguiente ciclo... 
[mar 23/09/2025 10:00:04,23] Iniciando ciclo 19 
[mar 23/09/2025 10:00:04,23] Ejecutando automatizaci√≥n... 
[mar 23/09/2025 10:00:52,26] Ciclo 19 completado exitosamente 
[mar 23/09/2025 10:00:52,26] WARNING: Ciclo 19 completado con errores (c√≥digo: 0) 
[mar 23/09/2025 10:00:52,29] Esperando 5 minutos antes del siguiente ciclo... 
[mar 23/09/2025 10:00:52,31] Volver√° a ejecutar en 5 minutos... 
[mar 23/09/2025 10:05:52,17] Tiempo de espera completado. Iniciando siguiente ciclo... 
[mar 23/09/2025 10:05:52,18] Iniciando ciclo 20 
[mar 23/09/2025 10:05:52,21] Ejecutando automatizaci√≥n... 
[mar 23/09/2025 10:06:59,73] Ciclo 20 completado exitosamente 
[mar 23/09/2025 10:06:59,73] WARNING: Ciclo 20 completado con errores (c√≥digo: 0) 
[mar 23/09/2025 10:06:59,75] Esperando 5 minutos antes del siguiente ciclo... 
[mar 23/09/2025 10:06:59,78] Volver√° a ejecutar en 5 minutos... 
[mar 23/09/2025 10:11:59,13] Tiempo de espera completado. Iniciando siguiente ciclo... 
[mar 23/09/2025 10:11:59,16] Iniciando ciclo 21 
[mar 23/09/2025 10:11:59,17] Ejecutando automatizaci√≥n... 
[mar 23/09/2025 10:13:06,70] Ciclo 21 completado exitosamente 
[mar 23/09/2025 10:13:06,71] WARNING: Ciclo 21 completado con errores (c√≥digo: 0) 
[mar 23/09/2025 10:13:06,73] Esperando 5 minutos antes del siguiente ciclo... 
[mar 23/09/2025 10:13:06,75] Volver√° a ejecutar en 5 minutos... 
[mar 23/09/2025 10:18:06,19] Tiempo de espera completado. Iniciando siguiente ciclo... 
[mar 23/09/2025 10:18:06,23] Iniciando ciclo 22 
[mar 23/09/2025 10:18:06,25] Ejecutando automatizaci√≥n... 
[mar 23/09/2025 10:19:04,43] Ciclo 22 completado exitosamente 
[mar 23/09/2025 10:19:04,43] WARNING: Ciclo 22 completado con errores (c√≥digo: 0) 
[mar 23/09/2025 10:19:04,47] Esperando 5 minutos antes del siguiente ciclo... 
[mar 23/09/2025 10:19:04,49] Volver√° a ejecutar en 5 minutos... 
[mar 23/09/2025 10:24:04,20] Tiempo de espera completado. Iniciando siguiente ciclo... 
[mar 23/09/2025 10:24:04,22] Iniciando ciclo 23 
[mar 23/09/2025 10:24:04,24] Ejecutando automatizaci√≥n... 
[mar 23/09/2025 10:25:13,54] Ciclo 23 completado exitosamente 
[mar 23/09/2025 10:25:13,54] WARNING: Ciclo 23 completado con errores (c√≥digo: 0) 
[mar 23/09/2025 10:25:13,58] Esperando 5 minutos antes del siguiente ciclo... 
[mar 23/09/2025 10:25:13,60] Volver√° a ejecutar en 5 minutos... 
[mar 23/09/2025 10:30:13,16] Tiempo de espera completado. Iniciando siguiente ciclo... 
[mar 23/09/2025 10:30:13,17] Iniciando ciclo 24 
[mar 23/09/2025 10:30:13,19] Ejecutando automatizaci√≥n... 
[mar 23/09/2025 10:30:57,63] Ciclo 24 completado exitosamente 
[mar 23/09/2025 10:30:57,63] WARNING: Ciclo 24 completado con errores (c√≥digo: 0) 
[mar 23/09/2025 10:30:57,65] Esperando 5 minutos antes del siguiente ciclo... 
[mar 23/09/2025 10:30:57,68] Volver√° a ejecutar en 5 minutos... 
[mar 23/09/2025 10:35:57,20] Tiempo de espera completado. Iniciando siguiente ciclo... 
[mar 23/09/2025 10:35:57,26] Iniciando ciclo 25 
[mar 23/09/2025 10:35:57,26] Ejecutando automatizaci√≥n... 
[mar 23/09/2025 10:36:39,99] Ciclo 25 completado exitosamente 
[mar 23/09/2025 10:36:40,00] WARNING: Ciclo 25 completado con errores (c√≥digo: 0) 
[mar 23/09/2025 10:36:40,03] Esperando 5 minutos antes del siguiente ciclo... 
[mar 23/09/2025 10:36:40,05] Volver√° a ejecutar en 5 minutos... 
[mar 23/09/2025 11:02:03,54] Tiempo de espera completado. Iniciando siguiente ciclo... 
[mar 23/09/2025 11:02:04,26] Iniciando ciclo 26 
[mar 23/09/2025 11:02:04,29] Ejecutando automatizaci√≥n... 
[mar 23/09/2025 11:02:06,28] Ciclo 26 completado exitosamente 
[mar 23/09/2025 11:02:06,28] WARNING: Ciclo 26 completado con errores (c√≥digo: 0) 
[mar 23/09/2025 11:02:06,31] Esperando 5 minutos antes del siguiente ciclo... 
[mar 23/09/2025 11:02:06,35] Volver√° a ejecutar en 5 minutos... 
[mar 23/09/2025 14:37:34,28] Tiempo de espera completado. Iniciando siguiente ciclo... 
[mar 23/09/2025 14:37:35,12] Iniciando ciclo 27 
[mar 23/09/2025 14:37:35,18] Ejecutando automatizaci√≥n... 
[mar 23/09/2025 14:37:37,02] Ciclo 27 completado exitosamente 
[mar 23/09/2025 14:37:37,03] WARNING: Ciclo 27 completado con errores (c√≥digo: 0) 
[mar 23/09/2025 14:37:37,07] Esperando 5 minutos antes del siguiente ciclo... 
[mar 23/09/2025 14:37:37,10] Volver√° a ejecutar en 5 minutos... 
[mar 23/09/2025 16:16:31,31] Tiempo de espera completado. Iniciando siguiente ciclo... 
[mar 23/09/2025 16:16:33,58] Iniciando ciclo 28 
[mar 23/09/2025 16:16:33,90] Ejecutando automatizaci√≥n... 
[mar 23/09/2025 16:16:57,48] Ciclo 28 completado exitosamente 
[mar 23/09/2025 16:16:57,48] WARNING: Ciclo 28 completado con errores (c√≥digo: 0) 
[mar 23/09/2025 16:16:57,50] Esperando 5 minutos antes del siguiente ciclo... 
[mar 23/09/2025 16:16:57,52] Volver√° a ejecutar en 5 minutos... 
[mar 23/09/2025 17:44:17,00] Tiempo de espera completado. Iniciando siguiente ciclo... 
[mar 23/09/2025 17:44:17,79] Iniciando ciclo 29 
[mar 23/09/2025 17:44:17,83] Ejecutando automatizaci√≥n... 
[mar 23/09/2025 17:44:19,56] Ciclo 29 completado exitosamente 
[mar 23/09/2025 17:44:19,57] WARNING: Ciclo 29 completado con errores (c√≥digo: 0) 
[mar 23/09/2025 17:44:19,65] Esperando 5 minutos antes del siguiente ciclo... 
[mar 23/09/2025 17:44:19,67] Volver√° a ejecutar en 5 minutos... 
[mar 23/09/2025 20:20:00,63] Tiempo de espera completado. Iniciando siguiente ciclo... 
[mar 23/09/2025 20:20:01,00] Iniciando ciclo 30 
[mar 23/09/2025 20:20:01,06] Ejecutando automatizaci√≥n... 
[miÇ 24/09/2025  8:08:22,59] Ciclo 30 completado exitosamente 
[miÇ 24/09/2025  8:08:22,60] WARNING: Ciclo 30 completado con errores (c√≥digo: 0) 
[miÇ 24/09/2025  8:08:22,63] Esperando 5 minutos antes del siguiente ciclo... 
[miÇ 24/09/2025  8:08:22,66] Volver√° a ejecutar en 5 minutos... 
